\BOOKMARK [0][]{chapter.1}{Introduction}{}% 1
\BOOKMARK [0][]{chapter.2}{Theoretical background}{}% 2
\BOOKMARK [1][]{section.2.1}{Topological defects}{chapter.2}% 3
\BOOKMARK [2][]{subsection.2.1.1}{Review of topology}{section.2.1}% 4
\BOOKMARK [2][]{subsection.2.1.2}{Higher homotopy groups}{section.2.1}% 5
\BOOKMARK [2][]{subsection.2.1.3}{Review of group theory}{section.2.1}% 6
\BOOKMARK [2][]{subsection.2.1.4}{Order parameter spaces as coset spaces}{section.2.1}% 7
\BOOKMARK [1][]{section.2.2}{Examples of topological defects in physics}{chapter.2}% 8
\BOOKMARK [2][]{subsection.2.2.1}{The planar spin model in 2-dimensions}{section.2.2}% 9
\BOOKMARK [2][]{subsection.2.2.2}{Nematics}{section.2.2}% 10
\BOOKMARK [2][]{subsection.2.2.3}{Quantum vortices in superfluid helium}{section.2.2}% 11
\BOOKMARK [1][]{section.2.3}{Quantum field theory}{chapter.2}% 12
\BOOKMARK [2][]{subsection.2.3.1}{The vacuum as the order parameter manifold}{section.2.3}% 13
\BOOKMARK [2][]{subsection.2.3.2}{Vacuum topology}{section.2.3}% 14
\BOOKMARK [2][]{subsection.2.3.3}{The Kibble mechanism}{section.2.3}% 15
\BOOKMARK [1][]{section.2.4}{The Standard Model}{chapter.2}% 16
\BOOKMARK [2][]{subsection.2.4.1}{The global U\(1\)B-L symmetry}{section.2.4}% 17
\BOOKMARK [0][]{chapter.3}{Cosmic strings}{}% 18
\BOOKMARK [1][]{section.3.1}{The creation of cosmic strings in the early universe}{chapter.3}% 19
\BOOKMARK [1][]{section.3.2}{Global cosmic strings}{chapter.3}% 20
\BOOKMARK [2][]{subsection.3.2.1}{energy density}{section.3.2}% 21
\BOOKMARK [1][]{section.3.3}{Local cosmic strings}{chapter.3}% 22
\BOOKMARK [1][]{section.3.4}{The mass of a local U\(1\) string}{chapter.3}% 23
\BOOKMARK [1][]{section.3.5}{The search for cosmic strings}{chapter.3}% 24
\BOOKMARK [2][]{subsection.3.5.1}{CMB power spectrum measurements}{section.3.5}% 25
\BOOKMARK [2][]{subsection.3.5.2}{Gravitational lensing}{section.3.5}% 26
\BOOKMARK [2][]{subsection.3.5.3}{Gravitational waves}{section.3.5}% 27
\BOOKMARK [0][]{chapter.4}{U\(1\)Y' local cosmic strings}{}% 28
\BOOKMARK [1][]{section.4.1}{An extension of the Standard Model}{chapter.4}% 29
\BOOKMARK [1][]{section.4.2}{Lagrangian and equations of motion for U\(1\)Y' cosmic strings}{chapter.4}% 30
\BOOKMARK [2][]{subsection.4.2.1}{Boundary conditions}{section.4.2}% 31
\BOOKMARK [2][]{subsection.4.2.2}{Condition on }{section.4.2}% 32
\BOOKMARK [0][]{chapter.5}{Profiles of U\(1\)Y' cosmic strings}{}% 33
\BOOKMARK [0][]{chapter.6}{Summary and conclusions}{}% 34
