This is pdfTeX, Version 3.141592653-2.6-1.40.25 (TeX Live 2023/Debian) (preloaded format=pdflatex 2024.8.29)  4 DEC 2024 15:41
entering extended mode
 restricted \write18 enabled.
 %&-line parsing enabled.
**figures/l=1.00_lp=1.00_n=1_np=1_h=1.00_hp=1.00_v=0.01_vp=1.00.tex
(/usr/share/texlive/texmf-dist/tex/latex/tools/q.tex
LaTeX2e <2023-11-01> patch level 1
L3 programming layer <2024-01-22>
File ignored
)
! Emergency stop.
<*> ..._n=1_np=1_h=1.00_hp=1.00_v=0.01_vp=1.00.tex
                                                  
*** (job aborted, no legal \end found)

 
Here is how much of TeX's memory you used:
 19 strings out of 474222
 563 string characters out of 5748733
 1922975 words of memory out of 5000000
 22370 multiletter control sequences out of 15000+600000
 558069 words of font info for 36 fonts, out of 8000000 for 9000
 1141 hyphenation exceptions out of 8191
 12i,0n,13p,145b,8s stack positions out of 10000i,1000n,20000p,200000b,200000s
!  ==> Fatal error occurred, no output PDF file produced!
